2024-12-17 00:32:23 [scrapy.utils.log] INFO: Scrapy 2.12.0 started (bot: books)
2024-12-17 00:32:23 [scrapy.utils.log] INFO: Versions: lxml 5.3.0.0, libxml2 2.12.9, cssselect 1.2.0, parsel 1.9.1, w3lib 2.2.1, Twisted 24.11.0, Python 3.13.1 (v3.13.1:06714517797, Dec  3 2024, 14:00:22) [Clang 15.0.0 (clang-1500.3.9.4)], pyOpenSSL 24.3.0 (OpenSSL 3.4.0 22 Oct 2024), cryptography 44.0.0, Platform macOS-15.1.1-arm64-arm-64bit-Mach-O
2024-12-17 00:32:23 [scrapy.addons] INFO: Enabled addons:
[]
2024-12-17 00:32:23 [scrapy.extensions.telnet] INFO: Telnet Password: 2645fafa944cded9
2024-12-17 00:32:23 [scrapy.middleware] INFO: Enabled extensions:
['scrapy.extensions.corestats.CoreStats',
 'scrapy.extensions.telnet.TelnetConsole',
 'scrapy.extensions.memusage.MemoryUsage',
 'scrapy.extensions.logstats.LogStats']
2024-12-17 00:32:23 [scrapy.crawler] INFO: Overridden settings:
{'BOT_NAME': 'books',
 'FEED_EXPORT_ENCODING': 'utf-8',
 'LOG_FILE': 'book_scrapper.log',
 'LOG_LEVEL': 'INFO',
 'NEWSPIDER_MODULE': 'books.spiders',
 'ROBOTSTXT_OBEY': True,
 'SPIDER_MODULES': ['books.spiders'],
 'TWISTED_REACTOR': 'twisted.internet.asyncioreactor.AsyncioSelectorReactor'}
2024-12-17 00:32:23 [scrapy.middleware] INFO: Enabled downloader middlewares:
['scrapy.downloadermiddlewares.offsite.OffsiteMiddleware',
 'scrapy.downloadermiddlewares.robotstxt.RobotsTxtMiddleware',
 'scrapy.downloadermiddlewares.httpauth.HttpAuthMiddleware',
 'scrapy.downloadermiddlewares.downloadtimeout.DownloadTimeoutMiddleware',
 'scrapy.downloadermiddlewares.defaultheaders.DefaultHeadersMiddleware',
 'scrapy.downloadermiddlewares.useragent.UserAgentMiddleware',
 'scrapy.downloadermiddlewares.retry.RetryMiddleware',
 'scrapy.downloadermiddlewares.redirect.MetaRefreshMiddleware',
 'scrapy.downloadermiddlewares.httpcompression.HttpCompressionMiddleware',
 'scrapy.downloadermiddlewares.redirect.RedirectMiddleware',
 'scrapy.downloadermiddlewares.cookies.CookiesMiddleware',
 'scrapy.downloadermiddlewares.httpproxy.HttpProxyMiddleware',
 'scrapy.downloadermiddlewares.stats.DownloaderStats']
2024-12-17 00:32:23 [scrapy.middleware] INFO: Enabled spider middlewares:
['scrapy.spidermiddlewares.httperror.HttpErrorMiddleware',
 'scrapy.spidermiddlewares.referer.RefererMiddleware',
 'scrapy.spidermiddlewares.urllength.UrlLengthMiddleware',
 'scrapy.spidermiddlewares.depth.DepthMiddleware']
2024-12-17 00:32:23 [scrapy.middleware] INFO: Enabled item pipelines:
['books.pipelines.BooksPipeline']
2024-12-17 00:32:23 [scrapy.core.engine] INFO: Spider opened
2024-12-17 00:32:23 [scrapy.extensions.logstats] INFO: Crawled 0 pages (at 0 pages/min), scraped 0 items (at 0 items/min)
2024-12-17 00:32:23 [scrapy.extensions.telnet] INFO: Telnet console listening on 127.0.0.1:6023
2024-12-17 00:32:23 [book] INFO: Naviating to next page with URL https://books.toscrape.com/catalogue/page-2.html.
2024-12-17 00:32:23 [book] INFO: Naviating to next page with URL https://books.toscrape.com/catalogue/page-3.html.
2024-12-17 00:32:23 [book] INFO: Naviating to next page with URL https://books.toscrape.com/catalogue/page-4.html.
2024-12-17 00:32:24 [book] INFO: Naviating to next page with URL https://books.toscrape.com/catalogue/page-5.html.
2024-12-17 00:32:24 [book] INFO: Naviating to next page with URL https://books.toscrape.com/catalogue/page-6.html.
2024-12-17 00:32:24 [book] INFO: Naviating to next page with URL https://books.toscrape.com/catalogue/page-7.html.
2024-12-17 00:32:24 [book] INFO: Naviating to next page with URL https://books.toscrape.com/catalogue/page-8.html.
2024-12-17 00:32:24 [book] INFO: Naviating to next page with URL https://books.toscrape.com/catalogue/page-9.html.
2024-12-17 00:32:25 [book] INFO: Naviating to next page with URL https://books.toscrape.com/catalogue/page-10.html.
2024-12-17 00:32:25 [book] INFO: Naviating to next page with URL https://books.toscrape.com/catalogue/page-11.html.
2024-12-17 00:32:25 [book] INFO: Naviating to next page with URL https://books.toscrape.com/catalogue/page-12.html.
2024-12-17 00:32:25 [book] INFO: Naviating to next page with URL https://books.toscrape.com/catalogue/page-13.html.
2024-12-17 00:32:25 [book] INFO: Naviating to next page with URL https://books.toscrape.com/catalogue/page-14.html.
2024-12-17 00:32:25 [book] INFO: Naviating to next page with URL https://books.toscrape.com/catalogue/page-15.html.
2024-12-17 00:32:26 [book] INFO: Naviating to next page with URL https://books.toscrape.com/catalogue/page-16.html.
2024-12-17 00:32:26 [book] INFO: Naviating to next page with URL https://books.toscrape.com/catalogue/page-17.html.
2024-12-17 00:32:26 [book] INFO: Naviating to next page with URL https://books.toscrape.com/catalogue/page-18.html.
2024-12-17 00:32:26 [book] INFO: Naviating to next page with URL https://books.toscrape.com/catalogue/page-19.html.
2024-12-17 00:32:26 [book] INFO: Naviating to next page with URL https://books.toscrape.com/catalogue/page-20.html.
2024-12-17 00:32:26 [book] INFO: Naviating to next page with URL https://books.toscrape.com/catalogue/page-21.html.
2024-12-17 00:32:27 [book] INFO: Naviating to next page with URL https://books.toscrape.com/catalogue/page-22.html.
2024-12-17 00:32:27 [book] INFO: Naviating to next page with URL https://books.toscrape.com/catalogue/page-23.html.
2024-12-17 00:32:27 [book] INFO: Naviating to next page with URL https://books.toscrape.com/catalogue/page-24.html.
2024-12-17 00:32:27 [book] INFO: Naviating to next page with URL https://books.toscrape.com/catalogue/page-25.html.
2024-12-17 00:32:27 [book] INFO: Naviating to next page with URL https://books.toscrape.com/catalogue/page-26.html.
2024-12-17 00:32:27 [book] INFO: Naviating to next page with URL https://books.toscrape.com/catalogue/page-27.html.
2024-12-17 00:32:28 [book] INFO: Naviating to next page with URL https://books.toscrape.com/catalogue/page-28.html.
2024-12-17 00:32:28 [book] INFO: Naviating to next page with URL https://books.toscrape.com/catalogue/page-29.html.
2024-12-17 00:32:28 [book] INFO: Naviating to next page with URL https://books.toscrape.com/catalogue/page-30.html.
2024-12-17 00:32:28 [book] INFO: Naviating to next page with URL https://books.toscrape.com/catalogue/page-31.html.
2024-12-17 00:32:28 [book] INFO: Naviating to next page with URL https://books.toscrape.com/catalogue/page-32.html.
2024-12-17 00:32:29 [book] INFO: Naviating to next page with URL https://books.toscrape.com/catalogue/page-33.html.
2024-12-17 00:32:29 [book] INFO: Naviating to next page with URL https://books.toscrape.com/catalogue/page-34.html.
2024-12-17 00:32:29 [book] INFO: Naviating to next page with URL https://books.toscrape.com/catalogue/page-35.html.
2024-12-17 00:32:29 [book] INFO: Naviating to next page with URL https://books.toscrape.com/catalogue/page-36.html.
2024-12-17 00:32:29 [book] INFO: Naviating to next page with URL https://books.toscrape.com/catalogue/page-37.html.
2024-12-17 00:32:29 [book] INFO: Naviating to next page with URL https://books.toscrape.com/catalogue/page-38.html.
2024-12-17 00:32:29 [scrapy.crawler] INFO: Received SIGINT, shutting down gracefully. Send again to force 
2024-12-17 00:32:29 [scrapy.core.engine] INFO: Closing spider (shutdown)
2024-12-17 00:32:30 [book] INFO: Naviating to next page with URL https://books.toscrape.com/catalogue/page-39.html.
2024-12-17 00:32:30 [scrapy.statscollectors] INFO: Dumping Scrapy stats:
{'downloader/request_bytes': 11547,
 'downloader/request_count': 39,
 'downloader/request_method_count/GET': 39,
 'downloader/response_bytes': 1949010,
 'downloader/response_count': 39,
 'downloader/response_status_count/200': 38,
 'downloader/response_status_count/404': 1,
 'elapsed_time_seconds': 6.854123,
 'finish_reason': 'shutdown',
 'finish_time': datetime.datetime(2024, 12, 17, 5, 32, 30, 16140, tzinfo=datetime.timezone.utc),
 'item_scraped_count': 760,
 'items_per_minute': None,
 'log_count/INFO': 49,
 'memusage/max': 75841536,
 'memusage/startup': 75841536,
 'request_depth_max': 38,
 'response_received_count': 39,
 'responses_per_minute': None,
 'robotstxt/request_count': 1,
 'robotstxt/response_count': 1,
 'robotstxt/response_status_count/404': 1,
 'scheduler/dequeued': 38,
 'scheduler/dequeued/memory': 38,
 'scheduler/enqueued': 39,
 'scheduler/enqueued/memory': 39,
 'start_time': datetime.datetime(2024, 12, 17, 5, 32, 23, 162017, tzinfo=datetime.timezone.utc)}
2024-12-17 00:32:30 [scrapy.core.engine] INFO: Spider closed (shutdown)
2024-12-17 00:32:34 [scrapy.utils.log] INFO: Scrapy 2.12.0 started (bot: books)
2024-12-17 00:32:34 [scrapy.utils.log] INFO: Versions: lxml 5.3.0.0, libxml2 2.12.9, cssselect 1.2.0, parsel 1.9.1, w3lib 2.2.1, Twisted 24.11.0, Python 3.13.1 (v3.13.1:06714517797, Dec  3 2024, 14:00:22) [Clang 15.0.0 (clang-1500.3.9.4)], pyOpenSSL 24.3.0 (OpenSSL 3.4.0 22 Oct 2024), cryptography 44.0.0, Platform macOS-15.1.1-arm64-arm-64bit-Mach-O
2024-12-17 00:32:34 [scrapy.addons] INFO: Enabled addons:
[]
2024-12-17 00:32:34 [scrapy.extensions.telnet] INFO: Telnet Password: 1f0161bbfcc6b5d7
2024-12-17 00:32:34 [scrapy.middleware] INFO: Enabled extensions:
['scrapy.extensions.corestats.CoreStats',
 'scrapy.extensions.telnet.TelnetConsole',
 'scrapy.extensions.memusage.MemoryUsage',
 'scrapy.extensions.logstats.LogStats']
2024-12-17 00:32:34 [scrapy.crawler] INFO: Overridden settings:
{'BOT_NAME': 'books',
 'FEED_EXPORT_ENCODING': 'utf-8',
 'LOG_FILE': 'book_scrapper.log',
 'LOG_LEVEL': 'INFO',
 'NEWSPIDER_MODULE': 'books.spiders',
 'ROBOTSTXT_OBEY': True,
 'SPIDER_MODULES': ['books.spiders'],
 'TWISTED_REACTOR': 'twisted.internet.asyncioreactor.AsyncioSelectorReactor'}
2024-12-17 00:32:34 [scrapy.middleware] INFO: Enabled downloader middlewares:
['scrapy.downloadermiddlewares.offsite.OffsiteMiddleware',
 'scrapy.downloadermiddlewares.robotstxt.RobotsTxtMiddleware',
 'scrapy.downloadermiddlewares.httpauth.HttpAuthMiddleware',
 'scrapy.downloadermiddlewares.downloadtimeout.DownloadTimeoutMiddleware',
 'scrapy.downloadermiddlewares.defaultheaders.DefaultHeadersMiddleware',
 'scrapy.downloadermiddlewares.useragent.UserAgentMiddleware',
 'scrapy.downloadermiddlewares.retry.RetryMiddleware',
 'scrapy.downloadermiddlewares.redirect.MetaRefreshMiddleware',
 'scrapy.downloadermiddlewares.httpcompression.HttpCompressionMiddleware',
 'scrapy.downloadermiddlewares.redirect.RedirectMiddleware',
 'scrapy.downloadermiddlewares.cookies.CookiesMiddleware',
 'scrapy.downloadermiddlewares.httpproxy.HttpProxyMiddleware',
 'scrapy.downloadermiddlewares.stats.DownloaderStats']
2024-12-17 00:32:34 [scrapy.middleware] INFO: Enabled spider middlewares:
['scrapy.spidermiddlewares.httperror.HttpErrorMiddleware',
 'scrapy.spidermiddlewares.referer.RefererMiddleware',
 'scrapy.spidermiddlewares.urllength.UrlLengthMiddleware',
 'scrapy.spidermiddlewares.depth.DepthMiddleware']
2024-12-17 00:32:34 [scrapy.middleware] INFO: Enabled item pipelines:
['books.pipelines.BooksPipeline']
2024-12-17 00:32:34 [scrapy.core.engine] INFO: Spider opened
2024-12-17 00:32:34 [scrapy.extensions.logstats] INFO: Crawled 0 pages (at 0 pages/min), scraped 0 items (at 0 items/min)
2024-12-17 00:32:34 [scrapy.extensions.telnet] INFO: Telnet console listening on 127.0.0.1:6023
2024-12-17 00:32:35 [book] INFO: Naviating to next page with URL https://books.toscrape.com/catalogue/page-2.html.
2024-12-17 00:32:35 [book] INFO: Naviating to next page with URL https://books.toscrape.com/catalogue/page-3.html.
2024-12-17 00:32:35 [book] INFO: Naviating to next page with URL https://books.toscrape.com/catalogue/page-4.html.
2024-12-17 00:32:35 [book] INFO: Naviating to next page with URL https://books.toscrape.com/catalogue/page-5.html.
2024-12-17 00:32:35 [book] INFO: Naviating to next page with URL https://books.toscrape.com/catalogue/page-6.html.
2024-12-17 00:32:35 [book] INFO: Naviating to next page with URL https://books.toscrape.com/catalogue/page-7.html.
2024-12-17 00:32:36 [book] INFO: Naviating to next page with URL https://books.toscrape.com/catalogue/page-8.html.
2024-12-17 00:32:36 [book] INFO: Naviating to next page with URL https://books.toscrape.com/catalogue/page-9.html.
2024-12-17 00:32:36 [book] INFO: Naviating to next page with URL https://books.toscrape.com/catalogue/page-10.html.
2024-12-17 00:32:36 [book] INFO: Naviating to next page with URL https://books.toscrape.com/catalogue/page-11.html.
2024-12-17 00:32:36 [book] INFO: Naviating to next page with URL https://books.toscrape.com/catalogue/page-12.html.
2024-12-17 00:32:37 [book] INFO: Naviating to next page with URL https://books.toscrape.com/catalogue/page-13.html.
2024-12-17 00:32:37 [book] INFO: Naviating to next page with URL https://books.toscrape.com/catalogue/page-14.html.
2024-12-17 00:32:37 [book] INFO: Naviating to next page with URL https://books.toscrape.com/catalogue/page-15.html.
2024-12-17 00:32:37 [book] INFO: Naviating to next page with URL https://books.toscrape.com/catalogue/page-16.html.
2024-12-17 00:32:37 [book] INFO: Naviating to next page with URL https://books.toscrape.com/catalogue/page-17.html.
2024-12-17 00:32:37 [book] INFO: Naviating to next page with URL https://books.toscrape.com/catalogue/page-18.html.
2024-12-17 00:32:37 [book] INFO: Naviating to next page with URL https://books.toscrape.com/catalogue/page-19.html.
2024-12-17 00:32:38 [book] INFO: Naviating to next page with URL https://books.toscrape.com/catalogue/page-20.html.
2024-12-17 00:32:38 [book] INFO: Naviating to next page with URL https://books.toscrape.com/catalogue/page-21.html.
2024-12-17 00:32:38 [book] INFO: Naviating to next page with URL https://books.toscrape.com/catalogue/page-22.html.
2024-12-17 00:32:38 [book] INFO: Naviating to next page with URL https://books.toscrape.com/catalogue/page-23.html.
2024-12-17 00:32:38 [book] INFO: Naviating to next page with URL https://books.toscrape.com/catalogue/page-24.html.
2024-12-17 00:32:38 [book] INFO: Naviating to next page with URL https://books.toscrape.com/catalogue/page-25.html.
2024-12-17 00:32:39 [book] INFO: Naviating to next page with URL https://books.toscrape.com/catalogue/page-26.html.
2024-12-17 00:32:39 [book] INFO: Naviating to next page with URL https://books.toscrape.com/catalogue/page-27.html.
2024-12-17 00:32:39 [book] INFO: Naviating to next page with URL https://books.toscrape.com/catalogue/page-28.html.
2024-12-17 00:32:39 [book] INFO: Naviating to next page with URL https://books.toscrape.com/catalogue/page-29.html.
2024-12-17 00:32:39 [book] INFO: Naviating to next page with URL https://books.toscrape.com/catalogue/page-30.html.
2024-12-17 00:32:39 [book] INFO: Naviating to next page with URL https://books.toscrape.com/catalogue/page-31.html.
2024-12-17 00:32:40 [book] INFO: Naviating to next page with URL https://books.toscrape.com/catalogue/page-32.html.
2024-12-17 00:32:40 [book] INFO: Naviating to next page with URL https://books.toscrape.com/catalogue/page-33.html.
2024-12-17 00:32:40 [book] INFO: Naviating to next page with URL https://books.toscrape.com/catalogue/page-34.html.
2024-12-17 00:32:40 [book] INFO: Naviating to next page with URL https://books.toscrape.com/catalogue/page-35.html.
2024-12-17 00:32:40 [book] INFO: Naviating to next page with URL https://books.toscrape.com/catalogue/page-36.html.
2024-12-17 00:32:40 [book] INFO: Naviating to next page with URL https://books.toscrape.com/catalogue/page-37.html.
2024-12-17 00:32:41 [book] INFO: Naviating to next page with URL https://books.toscrape.com/catalogue/page-38.html.
2024-12-17 00:32:41 [scrapy.crawler] INFO: Received SIGINT, shutting down gracefully. Send again to force 
2024-12-17 00:32:41 [scrapy.core.engine] INFO: Closing spider (shutdown)
2024-12-17 00:32:41 [book] INFO: Naviating to next page with URL https://books.toscrape.com/catalogue/page-39.html.
2024-12-17 00:32:41 [scrapy.statscollectors] INFO: Dumping Scrapy stats:
{'downloader/request_bytes': 11547,
 'downloader/request_count': 39,
 'downloader/request_method_count/GET': 39,
 'downloader/response_bytes': 1949010,
 'downloader/response_count': 39,
 'downloader/response_status_count/200': 38,
 'downloader/response_status_count/404': 1,
 'elapsed_time_seconds': 6.597025,
 'finish_reason': 'shutdown',
 'finish_time': datetime.datetime(2024, 12, 17, 5, 32, 41, 356018, tzinfo=datetime.timezone.utc),
 'item_scraped_count': 760,
 'items_per_minute': None,
 'log_count/INFO': 49,
 'memusage/max': 75923456,
 'memusage/startup': 75923456,
 'request_depth_max': 38,
 'response_received_count': 39,
 'responses_per_minute': None,
 'robotstxt/request_count': 1,
 'robotstxt/response_count': 1,
 'robotstxt/response_status_count/404': 1,
 'scheduler/dequeued': 38,
 'scheduler/dequeued/memory': 38,
 'scheduler/enqueued': 39,
 'scheduler/enqueued/memory': 39,
 'start_time': datetime.datetime(2024, 12, 17, 5, 32, 34, 758993, tzinfo=datetime.timezone.utc)}
2024-12-17 00:32:41 [scrapy.core.engine] INFO: Spider closed (shutdown)
2024-12-17 00:33:16 [scrapy.utils.log] INFO: Scrapy 2.12.0 started (bot: books)
2024-12-17 00:33:16 [scrapy.utils.log] INFO: Versions: lxml 5.3.0.0, libxml2 2.12.9, cssselect 1.2.0, parsel 1.9.1, w3lib 2.2.1, Twisted 24.11.0, Python 3.13.1 (v3.13.1:06714517797, Dec  3 2024, 14:00:22) [Clang 15.0.0 (clang-1500.3.9.4)], pyOpenSSL 24.3.0 (OpenSSL 3.4.0 22 Oct 2024), cryptography 44.0.0, Platform macOS-15.1.1-arm64-arm-64bit-Mach-O
2024-12-17 00:33:16 [scrapy.addons] INFO: Enabled addons:
[]
2024-12-17 00:33:16 [scrapy.extensions.telnet] INFO: Telnet Password: 654d3944a4c0bd71
2024-12-17 00:33:16 [scrapy.middleware] INFO: Enabled extensions:
['scrapy.extensions.corestats.CoreStats',
 'scrapy.extensions.telnet.TelnetConsole',
 'scrapy.extensions.memusage.MemoryUsage',
 'scrapy.extensions.logstats.LogStats']
2024-12-17 00:33:16 [scrapy.crawler] INFO: Overridden settings:
{'BOT_NAME': 'books',
 'FEED_EXPORT_ENCODING': 'utf-8',
 'LOG_FILE': 'book_scrapper.log',
 'LOG_LEVEL': 'INFO',
 'NEWSPIDER_MODULE': 'books.spiders',
 'ROBOTSTXT_OBEY': True,
 'SPIDER_MODULES': ['books.spiders'],
 'TWISTED_REACTOR': 'twisted.internet.asyncioreactor.AsyncioSelectorReactor'}
2024-12-17 00:33:17 [scrapy.middleware] INFO: Enabled downloader middlewares:
['scrapy.downloadermiddlewares.offsite.OffsiteMiddleware',
 'scrapy.downloadermiddlewares.robotstxt.RobotsTxtMiddleware',
 'scrapy.downloadermiddlewares.httpauth.HttpAuthMiddleware',
 'scrapy.downloadermiddlewares.downloadtimeout.DownloadTimeoutMiddleware',
 'scrapy.downloadermiddlewares.defaultheaders.DefaultHeadersMiddleware',
 'scrapy.downloadermiddlewares.useragent.UserAgentMiddleware',
 'scrapy.downloadermiddlewares.retry.RetryMiddleware',
 'scrapy.downloadermiddlewares.redirect.MetaRefreshMiddleware',
 'scrapy.downloadermiddlewares.httpcompression.HttpCompressionMiddleware',
 'scrapy.downloadermiddlewares.redirect.RedirectMiddleware',
 'scrapy.downloadermiddlewares.cookies.CookiesMiddleware',
 'scrapy.downloadermiddlewares.httpproxy.HttpProxyMiddleware',
 'scrapy.downloadermiddlewares.stats.DownloaderStats']
2024-12-17 00:33:17 [scrapy.middleware] INFO: Enabled spider middlewares:
['scrapy.spidermiddlewares.httperror.HttpErrorMiddleware',
 'scrapy.spidermiddlewares.referer.RefererMiddleware',
 'scrapy.spidermiddlewares.urllength.UrlLengthMiddleware',
 'scrapy.spidermiddlewares.depth.DepthMiddleware']
2024-12-17 00:33:17 [scrapy.middleware] INFO: Enabled item pipelines:
['books.pipelines.BooksPipeline']
2024-12-17 00:33:17 [scrapy.core.engine] INFO: Spider opened
2024-12-17 00:33:17 [scrapy.extensions.logstats] INFO: Crawled 0 pages (at 0 pages/min), scraped 0 items (at 0 items/min)
2024-12-17 00:33:17 [scrapy.extensions.telnet] INFO: Telnet console listening on 127.0.0.1:6023
2024-12-17 00:33:17 [book] INFO: Naviating to next page with URL https://books.toscrape.com/catalogue/page-2.html.
2024-12-17 00:33:17 [book] INFO: Naviating to next page with URL https://books.toscrape.com/catalogue/page-3.html.
2024-12-17 00:33:17 [book] INFO: Naviating to next page with URL https://books.toscrape.com/catalogue/page-4.html.
2024-12-17 00:33:17 [book] INFO: Naviating to next page with URL https://books.toscrape.com/catalogue/page-5.html.
2024-12-17 00:33:18 [book] INFO: Naviating to next page with URL https://books.toscrape.com/catalogue/page-6.html.
2024-12-17 00:33:18 [book] INFO: Naviating to next page with URL https://books.toscrape.com/catalogue/page-7.html.
2024-12-17 00:33:18 [book] INFO: Naviating to next page with URL https://books.toscrape.com/catalogue/page-8.html.
2024-12-17 00:33:18 [book] INFO: Naviating to next page with URL https://books.toscrape.com/catalogue/page-9.html.
2024-12-17 00:33:18 [book] INFO: Naviating to next page with URL https://books.toscrape.com/catalogue/page-10.html.
2024-12-17 00:33:18 [book] INFO: Naviating to next page with URL https://books.toscrape.com/catalogue/page-11.html.
2024-12-17 00:33:19 [book] INFO: Naviating to next page with URL https://books.toscrape.com/catalogue/page-12.html.
2024-12-17 00:33:19 [book] INFO: Naviating to next page with URL https://books.toscrape.com/catalogue/page-13.html.
2024-12-17 00:33:19 [book] INFO: Naviating to next page with URL https://books.toscrape.com/catalogue/page-14.html.
2024-12-17 00:33:19 [book] INFO: Naviating to next page with URL https://books.toscrape.com/catalogue/page-15.html.
2024-12-17 00:33:19 [book] INFO: Naviating to next page with URL https://books.toscrape.com/catalogue/page-16.html.
2024-12-17 00:33:19 [book] INFO: Naviating to next page with URL https://books.toscrape.com/catalogue/page-17.html.
2024-12-17 00:33:20 [book] INFO: Naviating to next page with URL https://books.toscrape.com/catalogue/page-18.html.
2024-12-17 00:33:20 [book] INFO: Naviating to next page with URL https://books.toscrape.com/catalogue/page-19.html.
2024-12-17 00:33:20 [book] INFO: Naviating to next page with URL https://books.toscrape.com/catalogue/page-20.html.
2024-12-17 00:33:20 [book] INFO: Naviating to next page with URL https://books.toscrape.com/catalogue/page-21.html.
2024-12-17 00:33:20 [book] INFO: Naviating to next page with URL https://books.toscrape.com/catalogue/page-22.html.
2024-12-17 00:33:20 [book] INFO: Naviating to next page with URL https://books.toscrape.com/catalogue/page-23.html.
2024-12-17 00:33:21 [book] INFO: Naviating to next page with URL https://books.toscrape.com/catalogue/page-24.html.
2024-12-17 00:33:21 [book] INFO: Naviating to next page with URL https://books.toscrape.com/catalogue/page-25.html.
2024-12-17 00:33:21 [book] INFO: Naviating to next page with URL https://books.toscrape.com/catalogue/page-26.html.
2024-12-17 00:33:21 [book] INFO: Naviating to next page with URL https://books.toscrape.com/catalogue/page-27.html.
2024-12-17 00:33:21 [book] INFO: Naviating to next page with URL https://books.toscrape.com/catalogue/page-28.html.
2024-12-17 00:33:21 [book] INFO: Naviating to next page with URL https://books.toscrape.com/catalogue/page-29.html.
2024-12-17 00:33:22 [book] INFO: Naviating to next page with URL https://books.toscrape.com/catalogue/page-30.html.
2024-12-17 00:33:22 [book] INFO: Naviating to next page with URL https://books.toscrape.com/catalogue/page-31.html.
2024-12-17 00:33:22 [book] INFO: Naviating to next page with URL https://books.toscrape.com/catalogue/page-32.html.
2024-12-17 00:33:22 [book] INFO: Naviating to next page with URL https://books.toscrape.com/catalogue/page-33.html.
2024-12-17 00:33:22 [book] INFO: Naviating to next page with URL https://books.toscrape.com/catalogue/page-34.html.
2024-12-17 00:33:22 [book] INFO: Naviating to next page with URL https://books.toscrape.com/catalogue/page-35.html.
2024-12-17 00:33:23 [book] INFO: Naviating to next page with URL https://books.toscrape.com/catalogue/page-36.html.
2024-12-17 00:33:23 [book] INFO: Naviating to next page with URL https://books.toscrape.com/catalogue/page-37.html.
2024-12-17 00:33:23 [book] INFO: Naviating to next page with URL https://books.toscrape.com/catalogue/page-38.html.
2024-12-17 00:33:23 [book] INFO: Naviating to next page with URL https://books.toscrape.com/catalogue/page-39.html.
2024-12-17 00:33:23 [book] INFO: Naviating to next page with URL https://books.toscrape.com/catalogue/page-40.html.
2024-12-17 00:33:23 [book] INFO: Naviating to next page with URL https://books.toscrape.com/catalogue/page-41.html.
2024-12-17 00:33:24 [book] INFO: Naviating to next page with URL https://books.toscrape.com/catalogue/page-42.html.
2024-12-17 00:33:24 [book] INFO: Naviating to next page with URL https://books.toscrape.com/catalogue/page-43.html.
2024-12-17 00:33:24 [book] INFO: Naviating to next page with URL https://books.toscrape.com/catalogue/page-44.html.
2024-12-17 00:33:24 [book] INFO: Naviating to next page with URL https://books.toscrape.com/catalogue/page-45.html.
2024-12-17 00:33:24 [book] INFO: Naviating to next page with URL https://books.toscrape.com/catalogue/page-46.html.
2024-12-17 00:33:24 [book] INFO: Naviating to next page with URL https://books.toscrape.com/catalogue/page-47.html.
2024-12-17 00:33:25 [book] INFO: Naviating to next page with URL https://books.toscrape.com/catalogue/page-48.html.
2024-12-17 00:33:25 [book] INFO: Naviating to next page with URL https://books.toscrape.com/catalogue/page-49.html.
2024-12-17 00:33:25 [book] INFO: Naviating to next page with URL https://books.toscrape.com/catalogue/page-50.html.
2024-12-17 00:33:25 [scrapy.core.engine] INFO: Closing spider (finished)
2024-12-17 00:33:25 [scrapy.statscollectors] INFO: Dumping Scrapy stats:
{'downloader/request_bytes': 15159,
 'downloader/request_count': 51,
 'downloader/request_method_count/GET': 51,
 'downloader/response_bytes': 2556339,
 'downloader/response_count': 51,
 'downloader/response_status_count/200': 50,
 'downloader/response_status_count/404': 1,
 'elapsed_time_seconds': 8.524574,
 'finish_reason': 'finished',
 'finish_time': datetime.datetime(2024, 12, 17, 5, 33, 25, 596399, tzinfo=datetime.timezone.utc),
 'item_scraped_count': 1000,
 'items_per_minute': None,
 'log_count/INFO': 59,
 'memusage/max': 76398592,
 'memusage/startup': 76398592,
 'request_depth_max': 49,
 'response_received_count': 51,
 'responses_per_minute': None,
 'robotstxt/request_count': 1,
 'robotstxt/response_count': 1,
 'robotstxt/response_status_count/404': 1,
 'scheduler/dequeued': 50,
 'scheduler/dequeued/memory': 50,
 'scheduler/enqueued': 50,
 'scheduler/enqueued/memory': 50,
 'start_time': datetime.datetime(2024, 12, 17, 5, 33, 17, 71825, tzinfo=datetime.timezone.utc)}
2024-12-17 00:33:25 [scrapy.core.engine] INFO: Spider closed (finished)
